[debug] [2022-10-27T20:23:12.641Z] ----------------------------------------------------------------------
[debug] [2022-10-27T20:23:12.644Z] Command:       C:\Program Files\nodejs\node.exe C:\Users\ahmad\AppData\Roaming\npm\node_modules\firebase-tools\lib\bin\firebase.js init
[debug] [2022-10-27T20:23:12.644Z] CLI Version:   11.15.0
[debug] [2022-10-27T20:23:12.645Z] Platform:      win32
[debug] [2022-10-27T20:23:12.645Z] Node Version:  v16.17.1
[debug] [2022-10-27T20:23:12.654Z] Time:          Fri Oct 28 2022 03:23:12 GMT+0700 (Waktu Indonesia Barat)
[debug] [2022-10-27T20:23:12.654Z] ----------------------------------------------------------------------
[debug] 
[debug] [2022-10-27T20:23:12.658Z] >>> [apiv2][query] GET https://firebase-public.firebaseio.com/cli.json [none]
[debug] [2022-10-27T20:23:12.680Z] > command requires scopes: ["email","openid","https://www.googleapis.com/auth/cloudplatformprojects.readonly","https://www.googleapis.com/auth/firebase","https://www.googleapis.com/auth/cloud-platform"]
[debug] [2022-10-27T20:23:12.680Z] > authorizing via signed-in user (ahmadyusufmaulana0@gmail.com)
[info] 
     ######## #### ########  ######## ########     ###     ######  ########
     ##        ##  ##     ## ##       ##     ##  ##   ##  ##       ##
     ######    ##  ########  ######   ########  #########  ######  ######
     ##        ##  ##    ##  ##       ##     ## ##     ##       ## ##
     ##       #### ##     ## ######## ########  ##     ##  ######  ########

You're about to initialize a Firebase project in this directory:

  D:\learntera\marketing_learntera\website\hugo_repo\learntera

[debug] [2022-10-27T20:23:13.607Z] <<< [apiv2][status] GET https://firebase-public.firebaseio.com/cli.json 200
[debug] [2022-10-27T20:23:13.607Z] <<< [apiv2][body] GET https://firebase-public.firebaseio.com/cli.json {"cloudBuildErrorAfter":1594252800000,"cloudBuildWarnAfter":1590019200000,"defaultNode10After":1594252800000,"minVersion":"3.0.5","node8DeploysDisabledAfter":1613390400000,"node8RuntimeDisabledAfter":1615809600000,"node8WarnAfter":1600128000000}
